C51 COMPILER V9.05   KMODGPS                                                               10/15/2012 11:41:51 PAGE 1   


C51 COMPILER V9.05, COMPILATION OF MODULE KMODGPS
OBJECT MODULE PLACED IN KmodGPS.OBJ
COMPILER INVOKED BY: C:\Keil\C51\BIN\c51.exe KmodGPS.c DB OE BR INCDIR(C:\SiLabs\MCU\Inc)

line level    source

   1          #include "I2CLib.h"
   2          #include "KmodGPS.h"
   3          
   4          char Date[SIZE_GETDATE];
   5          char Latitude[SIZE_GETLAT];
   6          char Longitude[SIZE_GETLONG];
   7          
   8          //---------------------------------------------------------------
   9          // Communication with the GPS module
  10          //---------------------------------------------------------------
  11          void send_gps_command(unsigned char cmd, unsigned char size, unsigned char wait) {
  12   1         // Reset Timeout flag
  13   1         SMB_TIMEOUT = 0;
  14   1      
  15   1         // Send command
  16   1         SMB_DATA_OUT[0] = cmd;          // Command byte
  17   1         TARGET = KMODGPS_ADDR;            // Target the Slave for next SMBus
  18   1                                         // transfer
  19   1         SMB_Write();                    // Initiate SMBus write
  20   1      
  21   1         // Read response
  22   1         if (size > 0) {
  23   2            TARGET = KMODGPS_ADDR;            // Target the Slave for next SMBus
  24   2                                            // transfer
  25   2            ByteRequested = size;           // Size of the answer
  26   2            T0_Waitms (wait);               // Wait for the request to be processed
  27   2            SMB_Read();                     // Read the answer
  28   2         }
  29   1      }
  30          
  31          int GetID(void) {
  32   1         send_gps_command(CMD_GETID, SIZE_GETID, 1);
  33   1         if (SMB_TIMEOUT)
  34   1            return -1;
  35   1         else
  36   1            return SMB_DATA_IN[0];
  37   1      }
  38          
  39          void GetLatitude(void) {
  40   1         send_gps_command(CMD_GETLAT, SIZE_GETLAT, 10);
  41   1         memcpy(Latitude, SMB_DATA_IN, SIZE_GETLAT);
  42   1      }
  43          void GetLongitude(void) {
  44   1         send_gps_command(CMD_GETLONG, SIZE_GETLONG, 10);
  45   1         memcpy(Longitude, SMB_DATA_IN, SIZE_GETLAT);
  46   1      }
  47          void GetDate(void) {
  48   1         send_gps_command(CMD_GETDATE, SIZE_GETDATE, 10);
  49   1         memcpy(Date, SMB_DATA_IN, SIZE_GETDATE);
  50   1      }


MODULE INFORMATION:   STATIC OVERLAYABLE
   CODE SIZE        =    153    ----
   CONSTANT SIZE    =   ----    ----
C51 COMPILER V9.05   KMODGPS                                                               10/15/2012 11:41:51 PAGE 2   

   XDATA SIZE       =   ----    ----
   PDATA SIZE       =   ----    ----
   DATA SIZE        =     34       2
   IDATA SIZE       =   ----    ----
   BIT SIZE         =   ----    ----
END OF MODULE INFORMATION.


C51 COMPILATION COMPLETE.  0 WARNING(S),  0 ERROR(S)
