C51 COMPILER V9.05   UARTLIB                                                               10/15/2012 11:41:50 PAGE 1   


C51 COMPILER V9.05, COMPILATION OF MODULE UARTLIB
OBJECT MODULE PLACED IN UARTLIB.OBJ
COMPILER INVOKED BY: C:\Keil\C51\BIN\c51.exe UARTLIB.c DB OE BR INCDIR(C:\SiLabs\MCU\Inc)

line level    source

   1          #include "UARTLIB.h"
   2          
   3          
   4          
   5          
   6          
   7          
   8          
   9          void SendChar(char charactere)
  10          {
  11   1         SBUF0 = charactere;
  12   1         while(TI0 == 0) {};
  13   1         TI0 = 0;
  14   1      }
  15          
  16          void SendWord(char Mot[],unsigned int Size)
  17          {
  18   1         unsigned int i = 0;
  19   1         while(i<Size) {
  20   2                 SendChar(Mot[i]);
  21   2                 i++;
  22   2                 }
  23   1      }
  24          
  25          void SendCoords(void)
  26          {
  27   1              SendWord("<LAT>",5);
  28   1              SendWord(Latitude,SIZE_GETLAT);
  29   1              SendWord("<LON>",5);
  30   1              SendWord(Longitude,SIZE_GETLONG);
  31   1              SendWord("\n\n\n",3);
  32   1      }


MODULE INFORMATION:   STATIC OVERLAYABLE
   CODE SIZE        =    114    ----
   CONSTANT SIZE    =     16    ----
   XDATA SIZE       =   ----    ----
   PDATA SIZE       =   ----    ----
   DATA SIZE        =   ----       5
   IDATA SIZE       =   ----    ----
   BIT SIZE         =   ----    ----
END OF MODULE INFORMATION.


C51 COMPILATION COMPLETE.  0 WARNING(S),  0 ERROR(S)
